<?xml version="1.0" encoding="UTF-8"?>
<!-- Generated by org.testng.reporters.JUnitReportReporter -->
<testsuite hostname="LAPTOP-70QH0DDK" failures="0" tests="1" name="com.crm.qa.Test.LandingPageTest" time="60.898" errors="0" timestamp="2022-04-13T22:36:24 IST" skipped="0">
  <testcase classname="com.crm.qa.Test.LandingPageTest" name="CheckPriceTest" time="60.898"/>
  <system-out/>
</testsuite> <!-- com.crm.qa.Test.LandingPageTest -->
